Filename                             Regions    Missed Regions     Cover   Functions  Missed Functions  Executed       Lines      Missed Lines     Cover    Branches   Missed Branches     Cover
---------------------------------------------------------------------------------------------------------------------------------------------------------------------------------------------------------------------------------------------------------------------------------------------
include/dictionary_record.h                4                 0   100.00%           1                 0   100.00%           1                 0   100.00%           0                 0         -
src/dictionary_record.cpp                  5                 0   100.00%           2                 0   100.00%           6                 0   100.00%           0                 0         -
src/xml_converter.cpp                     14                 0   100.00%           2                 0   100.00%          29                 0   100.00%          12                 6    50.00%
tests/test_dictionary_record.cpp           7                 0   100.00%           3                 0   100.00%          17                 0   100.00%           0                 0         -
tests/test_main.cpp                        1                 0   100.00%           1                 0   100.00%           4                 0   100.00%           0                 0         -
tests/test_xml_converter.cpp               4                 0   100.00%           2                 0   100.00%          13                 0   100.00%           0                 0         -
---------------------------------------------------------------------------------------------------------------------------------------------------------------------------------------------------------------------------------------------------------------------------------------------
TOTAL                                     35                 0   100.00%          11                 0   100.00%          70                 0   100.00%          12                 6    50.00%
