Start testing: Sep 03 08:17 MSK
----------------------------------------------------------
1/5 Testing: DictionaryRecordTest.DefaultConstructor
1/5 Test: DictionaryRecordTest.DefaultConstructor
Command: "/data/data/com.termux/files/home/oop_lab1/builder/runTests" "--gtest_filter=DictionaryRecordTest.DefaultConstructor" "--gtest_also_run_disabled_tests"
Directory: /data/data/com.termux/files/home/oop_lab1/builder
"DictionaryRecordTest.DefaultConstructor" start time: Sep 03 08:17 MSK
Output:
----------------------------------------------------------
Note: Google Test filter = DictionaryRecordTest.DefaultConstructor
[==========] Running 1 test from 1 test suite.
[----------] Global test environment set-up.
[----------] 1 test from DictionaryRecordTest
[ RUN      ] DictionaryRecordTest.DefaultConstructor
[       OK ] DictionaryRecordTest.DefaultConstructor (0 ms)
[----------] 1 test from DictionaryRecordTest (0 ms total)

[----------] Global test environment tear-down
[==========] 1 test from 1 test suite ran. (0 ms total)
[  PASSED  ] 1 test.
<end of output>
Test time =   0.01 sec
----------------------------------------------------------
Test Passed.
"DictionaryRecordTest.DefaultConstructor" end time: Sep 03 08:17 MSK
"DictionaryRecordTest.DefaultConstructor" time elapsed: 00:00:00
----------------------------------------------------------

2/5 Testing: DictionaryRecordTest.ParameterizedConstructor
2/5 Test: DictionaryRecordTest.ParameterizedConstructor
Command: "/data/data/com.termux/files/home/oop_lab1/builder/runTests" "--gtest_filter=DictionaryRecordTest.ParameterizedConstructor" "--gtest_also_run_disabled_tests"
Directory: /data/data/com.termux/files/home/oop_lab1/builder
"DictionaryRecordTest.ParameterizedConstructor" start time: Sep 03 08:17 MSK
Output:
----------------------------------------------------------
Note: Google Test filter = DictionaryRecordTest.ParameterizedConstructor
[==========] Running 1 test from 1 test suite.
[----------] Global test environment set-up.
[----------] 1 test from DictionaryRecordTest
[ RUN      ] DictionaryRecordTest.ParameterizedConstructor
[       OK ] DictionaryRecordTest.ParameterizedConstructor (0 ms)
[----------] 1 test from DictionaryRecordTest (0 ms total)

[----------] Global test environment tear-down
[==========] 1 test from 1 test suite ran. (0 ms total)
[  PASSED  ] 1 test.
<end of output>
Test time =   0.01 sec
----------------------------------------------------------
Test Passed.
"DictionaryRecordTest.ParameterizedConstructor" end time: Sep 03 08:17 MSK
"DictionaryRecordTest.ParameterizedConstructor" time elapsed: 00:00:00
----------------------------------------------------------

3/5 Testing: DictionaryRecordTest.ToString
3/5 Test: DictionaryRecordTest.ToString
Command: "/data/data/com.termux/files/home/oop_lab1/builder/runTests" "--gtest_filter=DictionaryRecordTest.ToString" "--gtest_also_run_disabled_tests"
Directory: /data/data/com.termux/files/home/oop_lab1/builder
"DictionaryRecordTest.ToString" start time: Sep 03 08:17 MSK
Output:
----------------------------------------------------------
Note: Google Test filter = DictionaryRecordTest.ToString
[==========] Running 1 test from 1 test suite.
[----------] Global test environment set-up.
[----------] 1 test from DictionaryRecordTest
[ RUN      ] DictionaryRecordTest.ToString
[       OK ] DictionaryRecordTest.ToString (0 ms)
[----------] 1 test from DictionaryRecordTest (0 ms total)

[----------] Global test environment tear-down
[==========] 1 test from 1 test suite ran. (0 ms total)
[  PASSED  ] 1 test.
<end of output>
Test time =   0.01 sec
----------------------------------------------------------
Test Passed.
"DictionaryRecordTest.ToString" end time: Sep 03 08:17 MSK
"DictionaryRecordTest.ToString" time elapsed: 00:00:00
----------------------------------------------------------

4/5 Testing: XmlConverterTest.RecordToXml
4/5 Test: XmlConverterTest.RecordToXml
Command: "/data/data/com.termux/files/home/oop_lab1/builder/runTests" "--gtest_filter=XmlConverterTest.RecordToXml" "--gtest_also_run_disabled_tests"
Directory: /data/data/com.termux/files/home/oop_lab1/builder
"XmlConverterTest.RecordToXml" start time: Sep 03 08:17 MSK
Output:
----------------------------------------------------------
Note: Google Test filter = XmlConverterTest.RecordToXml
[==========] Running 1 test from 1 test suite.
[----------] Global test environment set-up.
[----------] 1 test from XmlConverterTest
[ RUN      ] XmlConverterTest.RecordToXml
[       OK ] XmlConverterTest.RecordToXml (0 ms)
[----------] 1 test from XmlConverterTest (0 ms total)

[----------] Global test environment tear-down
[==========] 1 test from 1 test suite ran. (0 ms total)
[  PASSED  ] 1 test.
<end of output>
Test time =   0.01 sec
----------------------------------------------------------
Test Passed.
"XmlConverterTest.RecordToXml" end time: Sep 03 08:17 MSK
"XmlConverterTest.RecordToXml" time elapsed: 00:00:00
----------------------------------------------------------

5/5 Testing: XmlConverterTest.XmlToRecord
5/5 Test: XmlConverterTest.XmlToRecord
Command: "/data/data/com.termux/files/home/oop_lab1/builder/runTests" "--gtest_filter=XmlConverterTest.XmlToRecord" "--gtest_also_run_disabled_tests"
Directory: /data/data/com.termux/files/home/oop_lab1/builder
"XmlConverterTest.XmlToRecord" start time: Sep 03 08:17 MSK
Output:
----------------------------------------------------------
Note: Google Test filter = XmlConverterTest.XmlToRecord
[==========] Running 1 test from 1 test suite.
[----------] Global test environment set-up.
[----------] 1 test from XmlConverterTest
[ RUN      ] XmlConverterTest.XmlToRecord
[       OK ] XmlConverterTest.XmlToRecord (0 ms)
[----------] 1 test from XmlConverterTest (0 ms total)

[----------] Global test environment tear-down
[==========] 1 test from 1 test suite ran. (0 ms total)
[  PASSED  ] 1 test.
<end of output>
Test time =   0.01 sec
----------------------------------------------------------
Test Passed.
"XmlConverterTest.XmlToRecord" end time: Sep 03 08:17 MSK
"XmlConverterTest.XmlToRecord" time elapsed: 00:00:00
----------------------------------------------------------

End testing: Sep 03 08:17 MSK
